<?xml version="1.0" encoding="UTF-8"?>
<testsuite name="com.devopsusach2020.DevOpsUsach2020ApplicationTests" tests="2" skipped="0" failures="0" errors="0" timestamp="2020-12-15T23:23:57" hostname="DESKTOP-FM03J5S" time="0.129">
  <properties/>
  <testcase name="contextLoads()" classname="com.devopsusach2020.DevOpsUsach2020ApplicationTests" time="0.126"/>
  <testcase name="test_nuevo()" classname="com.devopsusach2020.DevOpsUsach2020ApplicationTests" time="0.002"/>
  <system-out><![CDATA[20:23:55.943 [Test worker] DEBUG org.springframework.test.context.BootstrapUtils - Instantiating CacheAwareContextLoaderDelegate from class [org.springframework.test.context.cache.DefaultCacheAwareContextLoaderDelegate]
20:23:55.953 [Test worker] DEBUG org.springframework.test.context.BootstrapUtils - Instantiating BootstrapContext using constructor [public org.springframework.test.context.support.DefaultBootstrapContext(java.lang.Class,org.springframework.test.context.CacheAwareContextLoaderDelegate)]
20:23:55.974 [Test worker] DEBUG org.springframework.test.context.BootstrapUtils - Instantiating TestContextBootstrapper for test class [com.devopsusach2020.DevOpsUsach2020ApplicationTests] from class [org.springframework.boot.test.context.SpringBootTestContextBootstrapper]
20:23:55.986 [Test worker] INFO org.springframework.boot.test.context.SpringBootTestContextBootstrapper - Neither @ContextConfiguration nor @ContextHierarchy found for test class [com.devopsusach2020.DevOpsUsach2020ApplicationTests], using SpringBootContextLoader
20:23:55.989 [Test worker] DEBUG org.springframework.test.context.support.AbstractContextLoader - Did not detect default resource location for test class [com.devopsusach2020.DevOpsUsach2020ApplicationTests]: class path resource [com/devopsusach2020/DevOpsUsach2020ApplicationTests-context.xml] does not exist
20:23:55.990 [Test worker] DEBUG org.springframework.test.context.support.AbstractContextLoader - Did not detect default resource location for test class [com.devopsusach2020.DevOpsUsach2020ApplicationTests]: class path resource [com/devopsusach2020/DevOpsUsach2020ApplicationTestsContext.groovy] does not exist
20:23:55.990 [Test worker] INFO org.springframework.test.context.support.AbstractContextLoader - Could not detect default resource locations for test class [com.devopsusach2020.DevOpsUsach2020ApplicationTests]: no resource found for suffixes {-context.xml, Context.groovy}.
20:23:55.990 [Test worker] INFO org.springframework.test.context.support.AnnotationConfigContextLoaderUtils - Could not detect default configuration classes for test class [com.devopsusach2020.DevOpsUsach2020ApplicationTests]: DevOpsUsach2020ApplicationTests does not declare any static, non-private, non-final, nested classes annotated with @Configuration.
20:23:56.021 [Test worker] DEBUG org.springframework.test.context.support.ActiveProfilesUtils - Could not find an 'annotation declaring class' for annotation type [org.springframework.test.context.ActiveProfiles] and class [com.devopsusach2020.DevOpsUsach2020ApplicationTests]
20:23:56.072 [Test worker] DEBUG org.springframework.context.annotation.ClassPathScanningCandidateComponentProvider - Identified candidate component class: file [C:\Users\usuario}\developed\ejemplo-gradle\build\classes\java\main\com\devopsusach2020\DevOpsUsach2020Application.class]
20:23:56.073 [Test worker] INFO org.springframework.boot.test.context.SpringBootTestContextBootstrapper - Found @SpringBootConfiguration com.devopsusach2020.DevOpsUsach2020Application for test class com.devopsusach2020.DevOpsUsach2020ApplicationTests
20:23:56.156 [Test worker] DEBUG org.springframework.boot.test.context.SpringBootTestContextBootstrapper - @TestExecutionListeners is not present for class [com.devopsusach2020.DevOpsUsach2020ApplicationTests]: using defaults.
20:23:56.156 [Test worker] INFO org.springframework.boot.test.context.SpringBootTestContextBootstrapper - Loaded default TestExecutionListener class names from location [META-INF/spring.factories]: [org.springframework.boot.test.autoconfigure.restdocs.RestDocsTestExecutionListener, org.springframework.boot.test.autoconfigure.web.client.MockRestServiceServerResetTestExecutionListener, org.springframework.boot.test.autoconfigure.web.servlet.MockMvcPrintOnlyOnFailureTestExecutionListener, org.springframework.boot.test.autoconfigure.web.servlet.WebDriverTestExecutionListener, org.springframework.boot.test.autoconfigure.webservices.client.MockWebServiceServerTestExecutionListener, org.springframework.boot.test.mock.mockito.MockitoTestExecutionListener, org.springframework.boot.test.mock.mockito.ResetMocksTestExecutionListener, org.springframework.test.context.web.ServletTestExecutionListener, org.springframework.test.context.support.DirtiesContextBeforeModesTestExecutionListener, org.springframework.test.context.support.DependencyInjectionTestExecutionListener, org.springframework.test.context.support.DirtiesContextTestExecutionListener, org.springframework.test.context.transaction.TransactionalTestExecutionListener, org.springframework.test.context.jdbc.SqlScriptsTestExecutionListener, org.springframework.test.context.event.EventPublishingTestExecutionListener]
20:23:56.165 [Test worker] DEBUG org.springframework.boot.test.context.SpringBootTestContextBootstrapper - Skipping candidate TestExecutionListener [org.springframework.test.context.transaction.TransactionalTestExecutionListener] due to a missing dependency. Specify custom listener classes or make the default listener classes and their required dependencies available. Offending class: [org/springframework/transaction/interceptor/TransactionAttributeSource]
20:23:56.166 [Test worker] DEBUG org.springframework.boot.test.context.SpringBootTestContextBootstrapper - Skipping candidate TestExecutionListener [org.springframework.test.context.jdbc.SqlScriptsTestExecutionListener] due to a missing dependency. Specify custom listener classes or make the default listener classes and their required dependencies available. Offending class: [org/springframework/transaction/interceptor/TransactionAttribute]
20:23:56.166 [Test worker] INFO org.springframework.boot.test.context.SpringBootTestContextBootstrapper - Using TestExecutionListeners: [org.springframework.test.context.web.ServletTestExecutionListener@1a3e6c91, org.springframework.test.context.support.DirtiesContextBeforeModesTestExecutionListener@1bc2cc5e, org.springframework.boot.test.mock.mockito.MockitoTestExecutionListener@764606ae, org.springframework.boot.test.autoconfigure.SpringBootDependencyInjectionTestExecutionListener@1a07e2c8, org.springframework.test.context.support.DirtiesContextTestExecutionListener@73b44ffd, org.springframework.test.context.event.EventPublishingTestExecutionListener@7e99dde9, org.springframework.boot.test.autoconfigure.restdocs.RestDocsTestExecutionListener@38acc7e2, org.springframework.boot.test.autoconfigure.web.client.MockRestServiceServerResetTestExecutionListener@1d18639d, org.springframework.boot.test.autoconfigure.web.servlet.MockMvcPrintOnlyOnFailureTestExecutionListener@4c020c64, org.springframework.boot.test.autoconfigure.web.servlet.WebDriverTestExecutionListener@7c44f698, org.springframework.boot.test.autoconfigure.webservices.client.MockWebServiceServerTestExecutionListener@2209ad25, org.springframework.boot.test.mock.mockito.ResetMocksTestExecutionListener@7cd32672]
20:23:56.169 [Test worker] DEBUG org.springframework.test.context.support.AbstractDirtiesContextTestExecutionListener - Before test class: context [DefaultTestContext@18899ca5 testClass = DevOpsUsach2020ApplicationTests, testInstance = [null], testMethod = [null], testException = [null], mergedContextConfiguration = [WebMergedContextConfiguration@678ee90c testClass = DevOpsUsach2020ApplicationTests, locations = '{}', classes = '{class com.devopsusach2020.DevOpsUsach2020Application}', contextInitializerClasses = '[]', activeProfiles = '{}', propertySourceLocations = '{}', propertySourceProperties = '{org.springframework.boot.test.context.SpringBootTestContextBootstrapper=true}', contextCustomizers = set[org.springframework.boot.test.autoconfigure.properties.PropertyMappingContextCustomizer@0, org.springframework.boot.test.autoconfigure.web.servlet.WebDriverContextCustomizerFactory$Customizer@4bfde323, org.springframework.boot.test.context.filter.ExcludeFilterContextCustomizer@13badb02, org.springframework.boot.test.json.DuplicateJsonObjectContextCustomizerFactory$DuplicateJsonObjectContextCustomizer@84159ce, org.springframework.boot.test.mock.mockito.MockitoContextCustomizer@0, org.springframework.boot.test.web.client.TestRestTemplateContextCustomizer@7f762f0c, org.springframework.boot.test.context.SpringBootTestArgs@1], resourceBasePath = 'src/main/webapp', contextLoader = 'org.springframework.boot.test.context.SpringBootContextLoader', parent = [null]], attributes = map['org.springframework.test.context.web.ServletTestExecutionListener.activateListener' -> true]], class annotated with @DirtiesContext [false] with mode [null].
20:23:56.191 [Test worker] DEBUG org.springframework.test.context.support.TestPropertySourceUtils - Adding inlined properties to environment: {spring.jmx.enabled=false, org.springframework.boot.test.context.SpringBootTestContextBootstrapper=true}

  .   ____          _            __ _ _
 /\\ / ___'_ __ _ _(_)_ __  __ _ \ \ \ \
( ( )\___ | '_ | '_| | '_ \/ _` | \ \ \ \
 \\/  ___)| |_)| | | | | || (_| |  ) ) ) )
  '  |____| .__|_| |_|_| |_\__, | / / / /
 =========|_|==============|___/=/_/_/_/
 :: Spring Boot ::        (v2.3.4.RELEASE)

2020-12-15 20:23:56.374  INFO 14384 --- [    Test worker] c.d.DevOpsUsach2020ApplicationTests      : Starting DevOpsUsach2020ApplicationTests on DESKTOP-FM03J5S with PID 14384 (started by usuario} in C:\Users\usuario}\developed\ejemplo-gradle)
2020-12-15 20:23:56.397  INFO 14384 --- [    Test worker] c.d.DevOpsUsach2020ApplicationTests      : No active profile set, falling back to default profiles: default
2020-12-15 20:23:57.258  INFO 14384 --- [    Test worker] o.s.s.concurrent.ThreadPoolTaskExecutor  : Initializing ExecutorService 'applicationTaskExecutor'
2020-12-15 20:23:57.519  INFO 14384 --- [    Test worker] c.d.DevOpsUsach2020ApplicationTests      : Started DevOpsUsach2020ApplicationTests in 1.321 seconds (JVM running for 2.218)
]]></system-out>
  <system-err><![CDATA[]]></system-err>
</testsuite>
